########### array before sorts ###########
0	-1.270000	5.080000	83.490000	5.080000	n
1	83.490000	5.080000	83.490000	71.110000	n
2	83.490000	71.110000	-1.270000	71.110000	n
3	-1.270000	71.110000	-1.270000	5.080000	n
Tolerance=0.050000.
*Exact match for i=0 and j=1.
*i point -1.270000	5.080000	83.490000	5.080000	y
*Exact match for i=1 and j=2.
*i point 83.490000	5.080000	83.490000	71.110000	y
*Exact match for i=2 and j=3.
*i point 83.490000	71.110000	-1.270000	71.110000	y
########### array after sorts ###########
0	-1.270000	5.080000	83.490000	5.080000	y
1	83.490000	5.080000	83.490000	71.110000	y
2	83.490000	71.110000	-1.270000	71.110000	y
3	-1.270000	71.110000	-1.270000	5.080000	y
***************
.BOARD_OUTLINE UNOWNED
1.6
0     -1.270000     5.080000     0
0     83.490000     5.080000     0
0     83.490000     71.110000     0
0     -1.270000     71.110000     0
0     -1.270000     5.080000     0
